Removed Pin From Net: NetName=NetC1_1 Pin=C1-1
Removed Pin From Net: NetName=GND Pin=C1-2
Removed Pin From Net: NetName=NetC1_1 Pin=C2-1
Removed Pin From Net: NetName=GND Pin=C2-2
Removed Pin From Net: NetName=-12 Pin=C5-1
Removed Pin From Net: NetName=-12 Pin=C6-1
Removed Pin From Net: NetName=GND Pin=C6-2
Removed Pin From Net: NetName=GND Pin=U2-2
Removed Pin From Net: NetName=NetU1_6 Pin=U2-3
Removed Pin From Net: NetName=-12 Pin=U2-4
Removed Pin From Net: NetName=NetC1_1 Pin=U2-7
Removed Member From Class: ClassName=Sheet1 Member=C1
Removed Member From Class: ClassName=Sheet1 Member=C2
Removed Member From Class: ClassName=Sheet1 Member=C6
Removed Member From Class: ClassName=Sheet1 Member=R2
Removed Member From Class: ClassName=Sheet1 Member=U2
Added Pin To Net: NetName=GND Pin=R3-1
Added Pin To Net: NetName=GND Pin=R6-2
Added Pin To Net: NetName=NetU1_6 Pin=U3-3
Change Net Name : Old Net Name=NetC1_1 New Net Name=NetC3_1
Added Room: Name=Sheet1
