Removed Pin From Net: NetName=-12 Pin=C5-1
Removed Pin From Net: NetName=-12 Pin=C11-1
Removed Pin From Net: NetName=-12 Pin=C13-1
Removed Pin From Net: NetName=-12 Pin=C19-1
Removed Pin From Net: NetName=-12 Pin=Power-1
Removed Pin From Net: NetName=-12 Pin=U1-4
Removed Pin From Net: NetName=-12 Pin=U3-1
Removed Pin From Net: NetName=-12 Pin=U3-4
Removed Pin From Net: NetName=-12 Pin=U4-4
Removed Pin From Net: NetName=-12 Pin=U5-4
Removed Pin From Net: NetName=-12 Pin=U6-4
Removed Pin From Net: NetName=-12 Pin=U7-4
Removed Pin From Net: NetName=-12 Pin=U8-1
Removed Pin From Net: NetName=-12 Pin=U8-4
Change Net Name : Old Net Name=-12 New Net Name=GND
Added Pin To Net: NetName=-12 Pin=C5-1
Added Pin To Net: NetName=-12 Pin=C11-1
Added Pin To Net: NetName=-12 Pin=C13-1
Added Pin To Net: NetName=-12 Pin=C19-1
Added Pin To Net: NetName=-12 Pin=Power-1
Added Pin To Net: NetName=-12 Pin=U1-4
Added Pin To Net: NetName=-12 Pin=U3-1
Added Pin To Net: NetName=-12 Pin=U3-4
Added Pin To Net: NetName=-12 Pin=U4-4
Added Pin To Net: NetName=-12 Pin=U5-4
Added Pin To Net: NetName=-12 Pin=U6-4
Added Pin To Net: NetName=-12 Pin=U7-4
Added Pin To Net: NetName=-12 Pin=U8-1
Added Pin To Net: NetName=-12 Pin=U8-4
Added Net: Name=-12
Added Room: Name=Sheet1
